<?xml version="1.0" encoding="UTF-8"?>
<!-- Generated by org.testng.reporters.JUnitReportReporter -->
<testsuite hostname="Appirio-13246" name="com.runner.AutomationRunner" tests="1" failures="0" timestamp="10 Feb 2019 17:12:50 GMT" time="207.807" errors="0">
  <testcase name="feature" time="207.807" classname="com.runner.AutomationRunner"/>
</testsuite> <!-- com.runner.AutomationRunner -->
